<?xml version="1.0" encoding="UTF-8"?>
<!-- Generated by org.testng.reporters.JUnitXMLReporter -->
<testsuite ignored="3" hostname="Sasi" failures="0" tests="3" name="Test Groups" time="0.05" errors="0" timestamp="2022-05-29T07:20:19 IST">
  <testcase classname="com.testng.groups.Demo1" name="testMethod2" time="0.009"/>
  <testcase classname="com.testng.groups.Demo2" name="testMethod11" time="0.001"/>
  <testcase classname="com.testng.groups.Demo2" name="testMethod12" time="0.001"/>
  <testcase classname="com.testng.groups.Demo1" name="testMethod1" time="0.0">
    <ignored/>
  </testcase> <!-- testMethod1 -->
  <testcase classname="com.testng.groups.Demo1" name="testMethod3" time="0.0">
    <ignored/>
  </testcase> <!-- testMethod3 -->
  <testcase classname="com.testng.groups.Demo2" name="testMethod13" time="0.0">
    <ignored/>
  </testcase> <!-- testMethod13 -->
</testsuite> <!-- Test Groups -->
