<?xml version="1.0" encoding="UTF-8"?>
<!-- Generated by org.testng.reporters.JUnitXMLReporter -->
<testsuite ignored="0" hostname="Sasi" failures="0" tests="6" name="payment" time="0.075" errors="0" timestamp="2022-05-29T07:10:37 IST">
  <testcase classname="com.testng.groups.Demo1" name="testMethod1" time="0.016"/>
  <testcase classname="com.testng.groups.Demo1" name="testMethod2" time="0.001"/>
  <testcase classname="com.testng.groups.Demo1" name="testMethod3" time="0.001"/>
  <testcase classname="com.testng.groups.Demo2" name="testMethod11" time="0.001"/>
  <testcase classname="com.testng.groups.Demo2" name="testMethod12" time="0.001"/>
  <testcase classname="com.testng.groups.Demo2" name="testMethod13" time="0.001"/>
</testsuite> <!-- payment -->
