<?xml version="1.0" encoding="UTF-8"?>
<!-- Generated by org.testng.reporters.JUnitXMLReporter -->
<testsuite ignored="0" hostname="Sasi" failures="0" tests="3" name="sales" time="0.067" errors="0" timestamp="2022-05-29T07:10:37 IST">
  <testcase classname="com.testng.parameter.DemoParameters" name="testLogin" time="0.001"/>
  <testcase classname="com.testng.parameter.DemoParameters2" name="testLogin" time="0.003"/>
  <testcase classname="com.testng.parameter.DemoParameters3" name="testLogin" time="0.001"/>
</testsuite> <!-- sales -->
