<?xml version="1.0" encoding="UTF-8"?>
<!-- Generated by org.testng.reporters.JUnitXMLReporter -->
<testsuite ignored="0" hostname="Sasi" failures="0" tests="4" name="Test" time="32.121" errors="0" timestamp="2022-05-30T07:55:56 IST">
  <testcase classname="com.testng.parallel.DemoP1" name="te3" time="12.419"/>
  <testcase classname="com.testng.parallel.DemoP1" name="te1" time="14.054"/>
  <testcase classname="com.testng.parallel.DemoP1" name="te2" time="16.966"/>
  <testcase classname="com.testng.parallel.DemoP1" name="te4" time="32.041"/>
</testsuite> <!-- Test -->
