<?xml version="1.0" encoding="UTF-8"?>
<!-- Generated by org.testng.reporters.JUnitXMLReporter -->
<testsuite ignored="0" hostname="Sasi" failures="0" tests="4" name="Test2" time="80.306" errors="0" timestamp="2022-05-30T07:49:20 IST">
  <testcase classname="com.testng.parallel.DemoP2" name="te1" time="10.627"/>
  <testcase classname="com.testng.parallel.DemoP2" name="te2" time="7.434"/>
  <testcase classname="com.testng.parallel.DemoP2" name="te3" time="58.374"/>
  <testcase classname="com.testng.parallel.DemoP2" name="te4" time="3.814"/>
</testsuite> <!-- Test2 -->
