<?xml version="1.0" encoding="UTF-8"?>
<testng-results ignored="0" total="1" passed="1" failed="0" skipped="0">
  <reporter-output>
  </reporter-output>
  <suite started-at="2022-06-19T10:16:21 IST" name="Default suite" finished-at="2022-06-19T10:16:36 IST" duration-ms="15096">
    <groups>
    </groups>
    <test started-at="2022-06-19T10:16:21 IST" name="Default test" finished-at="2022-06-19T10:16:36 IST" duration-ms="15096">
      <class name="com.selenium.mapDemo.DemoWebTable">
        <test-method signature="testScreenshot()[pri:0, instance:com.selenium.mapDemo.DemoWebTable@581ac8a8]" started-at="2022-06-19T10:16:21 IST" name="testScreenshot" finished-at="2022-06-19T10:16:36 IST" duration-ms="15058" status="PASS">
          <reporter-output>
          </reporter-output>
        </test-method> <!-- testScreenshot -->
      </class> <!-- com.selenium.mapDemo.DemoWebTable -->
    </test> <!-- Default test -->
  </suite> <!-- Default suite -->
</testng-results>
