<?xml version="1.0" encoding="UTF-8"?>
<!-- Generated by org.testng.reporters.JUnitXMLReporter -->
<testsuite ignored="0" hostname="Sasi" failures="0" tests="3" name="Test" time="0.067" errors="0" timestamp="2022-05-28T07:53:34 IST">
  <testcase classname="com.testng.parameter.DemoParameters" name="testLogin" time="0.009"/>
  <testcase classname="com.testng.parameter.DemoParameters2" name="testLogin" time="0.001"/>
  <testcase classname="com.testng.parameter.DemoParameters3" name="testLogin" time="0.001"/>
</testsuite> <!-- Test -->
